<?xml version="1.0" encoding="UTF-8"?>
<testng-results ignored="0" total="1" passed="1" failed="0" skipped="0">
  <reporter-output>
  </reporter-output>
  <suite started-at="2026-05-07T22:06:03 IST" name="Suite" finished-at="2026-05-07T22:06:20 IST" duration-ms="17077">
    <groups>
    </groups>
    <test started-at="2026-05-07T22:06:03 IST" name="Test" finished-at="2026-05-07T22:06:20 IST" duration-ms="17077">
      <class name="miniProject.Testng">
        <test-method is-config="true" signature="setup()[pri:0, instance:miniProject.Testng@2805c96b]" started-at="2026-05-07T22:06:03 IST" name="setup" finished-at="2026-05-07T22:06:06 IST" duration-ms="2581" status="PASS">
          <reporter-output>
          </reporter-output>
        </test-method> <!-- setup -->
        <test-method is-config="true" signature="launchApp()[pri:0, instance:miniProject.Testng@2805c96b]" started-at="2026-05-07T22:06:06 IST" name="launchApp" finished-at="2026-05-07T22:06:09 IST" duration-ms="3076" status="PASS">
          <reporter-output>
          </reporter-output>
        </test-method> <!-- launchApp -->
        <test-method signature="signupTest()[pri:0, instance:miniProject.Testng@2805c96b]" started-at="2026-05-07T22:06:09 IST" name="signupTest" finished-at="2026-05-07T22:06:19 IST" duration-ms="9811" status="PASS">
          <reporter-output>
          </reporter-output>
        </test-method> <!-- signupTest -->
        <test-method is-config="true" signature="clearCookies()[pri:0, instance:miniProject.Testng@2805c96b]" started-at="2026-05-07T22:06:19 IST" name="clearCookies" finished-at="2026-05-07T22:06:20 IST" duration-ms="1091" status="PASS">
          <reporter-output>
          </reporter-output>
        </test-method> <!-- clearCookies -->
        <test-method is-config="true" signature="teardown()[pri:0, instance:miniProject.Testng@2805c96b]" started-at="2026-05-07T22:06:20 IST" name="teardown" finished-at="2026-05-07T22:06:20 IST" duration-ms="436" status="PASS">
          <reporter-output>
          </reporter-output>
        </test-method> <!-- teardown -->
      </class> <!-- miniProject.Testng -->
    </test> <!-- Test -->
  </suite> <!-- Suite -->
</testng-results>
