<?xml version="1.0" encoding="UTF-8"?>
<testng-results ignored="0" total="1" passed="1" failed="0" skipped="0">
  <reporter-output>
  </reporter-output>
  <suite started-at="2026-05-07T22:05:09 IST" name="Default suite" finished-at="2026-05-07T22:05:31 IST" duration-ms="21236">
    <groups>
    </groups>
    <test started-at="2026-05-07T22:05:09 IST" name="Default test" finished-at="2026-05-07T22:05:31 IST" duration-ms="21236">
      <class name="miniProject.Testng">
        <test-method is-config="true" signature="setup()[pri:0, instance:miniProject.Testng@3fc2959f]" started-at="2026-05-07T22:05:10 IST" name="setup" finished-at="2026-05-07T22:05:13 IST" duration-ms="3089" status="PASS">
          <reporter-output>
          </reporter-output>
        </test-method> <!-- setup -->
        <test-method is-config="true" signature="launchApp()[pri:0, instance:miniProject.Testng@3fc2959f]" started-at="2026-05-07T22:05:13 IST" name="launchApp" finished-at="2026-05-07T22:05:17 IST" duration-ms="4394" status="PASS">
          <reporter-output>
          </reporter-output>
        </test-method> <!-- launchApp -->
        <test-method signature="signupTest()[pri:0, instance:miniProject.Testng@3fc2959f]" started-at="2026-05-07T22:05:17 IST" name="signupTest" finished-at="2026-05-07T22:05:29 IST" duration-ms="11863" status="PASS">
          <reporter-output>
          </reporter-output>
        </test-method> <!-- signupTest -->
        <test-method is-config="true" signature="clearCookies()[pri:0, instance:miniProject.Testng@3fc2959f]" started-at="2026-05-07T22:05:29 IST" name="clearCookies" finished-at="2026-05-07T22:05:30 IST" duration-ms="984" status="PASS">
          <reporter-output>
          </reporter-output>
        </test-method> <!-- clearCookies -->
        <test-method is-config="true" signature="teardown()[pri:0, instance:miniProject.Testng@3fc2959f]" started-at="2026-05-07T22:05:30 IST" name="teardown" finished-at="2026-05-07T22:05:31 IST" duration-ms="748" status="PASS">
          <reporter-output>
          </reporter-output>
        </test-method> <!-- teardown -->
      </class> <!-- miniProject.Testng -->
    </test> <!-- Default test -->
  </suite> <!-- Default suite -->
</testng-results>
